<?xml version="1.0" encoding="UTF-8"?>
<!-- Generated by org.testng.reporters.JUnitReportReporter -->
<testsuite hostname="AZU-DESK-019" name="terafinainc.TestscriptVechicle" tests="1" failures="0" timestamp="18 Nov 2016 12:25:38 GMT" time="106.462" errors="0">
  <testcase name="login" time="106.462" classname="terafinainc.TestscriptVechicle"/>
</testsuite> <!-- terafinainc.TestscriptVechicle -->
