<?xml version="1.0" encoding="UTF-8"?>
<!-- Generated by org.testng.reporters.JUnitReportReporter -->
<testsuite hostname="AZU-DESK-019" name="terafinainc.Fuse" tests="1" failures="0" timestamp="3 May 2017 09:41:43 GMT" time="139.518" errors="0">
  <testcase name="login1" time="139.518" classname="terafinainc.Fuse"/>
</testsuite> <!-- terafinainc.Fuse -->
