<?xml version="1.0" encoding="UTF-8"?>
<!-- Generated by org.testng.reporters.JUnitReportReporter -->
<testsuite hostname="AZU-DESK-019" name="terafinainc.TestscriptCreditCard" tests="1" failures="0" timestamp="18 Nov 2016 11:54:05 GMT" time="104.517" errors="0">
  <testcase name="login" time="104.517" classname="terafinainc.TestscriptCreditCard"/>
</testsuite> <!-- terafinainc.TestscriptCreditCard -->
